[22389.008448] usb 3-1: new high-speed USB device number 3 using xhci_hcd
[22389.138659] usb 3-1: New USB device found, idVendor=2109, idProduct=2815, bcdDevice= 7.23
[22389.138666] usb 3-1: New USB device strings: Mfr=1, Product=2, SerialNumber=0
[22389.138669] usb 3-1: Product: USB2.0 Hub             
[22389.138671] usb 3-1: Manufacturer: VIA Labs, Inc.         
[22389.196324] hub 3-1:1.0: USB hub found
[22389.196656] hub 3-1:1.0: 5 ports detected
[22389.260123] usb 4-1: new SuperSpeed USB device number 3 using xhci_hcd
[22389.409629] usb 4-1: New USB device found, idVendor=2109, idProduct=0815, bcdDevice= 7.23
[22389.409634] usb 4-1: New USB device strings: Mfr=1, Product=2, SerialNumber=0
[22389.409636] usb 4-1: Product: USB3.0 Hub             
[22389.409638] usb 4-1: Manufacturer: VIA Labs, Inc.         
[22389.436323] hub 4-1:1.0: USB hub found
[22389.436561] hub 4-1:1.0: 4 ports detected
[22389.997356] usb 3-1.3: new high-speed USB device number 4 using xhci_hcd
[22390.137044] usb 3-1.3: New USB device found, idVendor=1a40, idProduct=0101, bcdDevice= 1.11
[22390.137052] usb 3-1.3: New USB device strings: Mfr=0, Product=1, SerialNumber=0
[22390.137057] usb 3-1.3: Product: USB 2.0 Hub
[22390.188279] hub 3-1.3:1.0: USB hub found
[22390.188585] hub 3-1.3:1.0: 4 ports detected
[22390.200418] usb 4-1.2: new SuperSpeed USB device number 4 using xhci_hcd
[22390.212881] usb 4-1.2: New USB device found, idVendor=0bda, idProduct=8153, bcdDevice=31.00
[22390.212889] usb 4-1.2: New USB device strings: Mfr=1, Product=2, SerialNumber=6
[22390.212893] usb 4-1.2: Product: USB 10/100/1000 LAN
[22390.212897] usb 4-1.2: Manufacturer: Realtek
[22390.212900] usb 4-1.2: SerialNumber: 001000001
[22390.242401] usbcore: registered new device driver r8152-cfgselector
[22390.364485] r8152-cfgselector 4-1.2: reset SuperSpeed USB device number 4 using xhci_hcd
[22390.397882] r8152 4-1.2:1.0: load rtl8153b-2 v2 04/27/23 successfully
[22390.425461] r8152 4-1.2:1.0 eth0: v1.12.13
[22390.425518] usbcore: registered new interface driver r8152
[22390.428708] usbcore: registered new interface driver cdc_ether
[22390.429500] usbcore: registered new interface driver r8153_ecm
[22390.436527] r8152 4-1.2:1.0 enx001cc2506e60: renamed from eth0
[22394.095041] usb 3-1.5: new high-speed USB device number 5 using xhci_hcd
[22394.174310] usb 3-1.5: New USB device found, idVendor=2109, idProduct=8817, bcdDevice= 0.01
[22394.174318] usb 3-1.5: New USB device strings: Mfr=1, Product=2, SerialNumber=3
[22394.174322] usb 3-1.5: Product: USB Billboard Device   
[22394.174326] usb 3-1.5: Manufacturer: VIA Labs, Inc.         
[22394.174329] usb 3-1.5: SerialNumber: 0000000000000001
[22699.104448] r8152 4-1.2:1.0 enx001cc2506e60: carrier on